[      78ms] TypeError: Window.fetch: /api/auth/register is not a valid URL.
    at _promiseAwareJsonValueNoThrow/< (debugger eval code:327:30)
    at async*_promiseAwareJsonValueNoThrow (debugger eval code:329:9)
    at evaluate (debugger eval code:310:33)
    at  (debugger eval code:1:44)
    at evaluateFunction (chrome://juggler/content/content/Runtime.js:404:60)
    at callFunction (chrome://juggler/content/content/Runtime.js:103:41)
    at _onMessageInternal (chrome://juggler/content/SimpleChannel.js:237:37)
    at _onMessage (chrome://juggler/content/SimpleChannel.js:194:12)
    at bindToActor/actor.receiveMessage (chrome://juggler/content/SimpleChannel.js:39:44)
[    4815ms] [ERROR] [JavaScript Error: "Cross-Origin Request Blocked: The Same Origin Policy disallows reading the remote resource at http://localhost:3001/api/auth/register. (Reason: CORS header ‘Access-Control-Allow-Origin’ does not match ‘http://localhost:3000’)."] @ :0
[    4816ms] [ERROR] [JavaScript Error: "Cross-Origin Request Blocked: The Same Origin Policy disallows reading the remote resource at http://localhost:3001/api/auth/register. (Reason: CORS request did not succeed). Status code: (null)."] @ :0
[    4816ms] TypeError: NetworkError when attempting to fetch resource.
    at _promiseAwareJsonValueNoThrow/< (debugger eval code:327:30)
    at async*_promiseAwareJsonValueNoThrow (debugger eval code:329:9)
    at evaluate (debugger eval code:310:33)
    at  (debugger eval code:1:44)
    at evaluateFunction (chrome://juggler/content/content/Runtime.js:404:60)
    at callFunction (chrome://juggler/content/content/Runtime.js:103:41)
    at _onMessageInternal (chrome://juggler/content/SimpleChannel.js:237:37)
    at _onMessage (chrome://juggler/content/SimpleChannel.js:194:12)
    at bindToActor/actor.receiveMessage (chrome://juggler/content/SimpleChannel.js:39:44)
