[     957ms] [WARNING] ⚠️ React Router Future Flag Warning: React Router will begin wrapping state updates in `React.startTransition` in v7. You can use the `v7_startTransition` future flag to opt-in early. For more information, see https://reactrouter.com/v6/upgrading/future#v7_starttransition. @ http://localhost:3000/static/js/bundle.js:35342
[     963ms] [WARNING] ⚠️ React Router Future Flag Warning: Relative route resolution within Splat routes is changing in v7. You can use the `v7_relativeSplatPath` future flag to opt-in early. For more information, see https://reactrouter.com/v6/upgrading/future#v7_relativesplatpath. @ http://localhost:3000/static/js/bundle.js:35342
[  240790ms] [ERROR] Warning: React.jsx: type is invalid -- expected a string (for built-in components) or a class/function (for composite components) but got: object. You likely forgot to export your component from the file it's defined in, or you might have mixed up default and named imports.

Check your code at App.js:85.
AppRoutes
div
AuthProvider@http://localhost:3000/main.7a7d25bd89975f9963ce.hot-update.js:309:22
Router@http://localhost:3000/static/js/bundle.js:35601:7
BrowserRouter@http://localhost:3000/static/js/bundle.js:33499:7
App @ http://localhost:3000/static/js/bundle.js:35993
[  240791ms] [ERROR] Warning: React.jsx: type is invalid -- expected a string (for built-in components) or a class/function (for composite components) but got: object. You likely forgot to export your component from the file it's defined in, or you might have mixed up default and named imports.

Check your code at App.js:93.
AppRoutes
div
AuthProvider@http://localhost:3000/main.7a7d25bd89975f9963ce.hot-update.js:309:22
Router@http://localhost:3000/static/js/bundle.js:35601:7
BrowserRouter@http://localhost:3000/static/js/bundle.js:33499:7
App @ http://localhost:3000/static/js/bundle.js:35993
[  240791ms] [ERROR] Warning: React.jsx: type is invalid -- expected a string (for built-in components) or a class/function (for composite components) but got: object. You likely forgot to export your component from the file it's defined in, or you might have mixed up default and named imports.

Check your code at App.js:101.
AppRoutes
div
AuthProvider@http://localhost:3000/main.7a7d25bd89975f9963ce.hot-update.js:309:22
Router@http://localhost:3000/static/js/bundle.js:35601:7
BrowserRouter@http://localhost:3000/static/js/bundle.js:33499:7
App @ http://localhost:3000/static/js/bundle.js:35993
[  240791ms] [ERROR] Warning: React.jsx: type is invalid -- expected a string (for built-in components) or a class/function (for composite components) but got: object. You likely forgot to export your component from the file it's defined in, or you might have mixed up default and named imports.

Check your code at App.js:109.
AppRoutes
div
AuthProvider@http://localhost:3000/main.7a7d25bd89975f9963ce.hot-update.js:309:22
Router@http://localhost:3000/static/js/bundle.js:35601:7
BrowserRouter@http://localhost:3000/static/js/bundle.js:33499:7
App @ http://localhost:3000/static/js/bundle.js:35993
[  240791ms] [ERROR] Warning: React.jsx: type is invalid -- expected a string (for built-in components) or a class/function (for composite components) but got: object. You likely forgot to export your component from the file it's defined in, or you might have mixed up default and named imports.

Check your code at App.js:117.
AppRoutes
div
AuthProvider@http://localhost:3000/main.7a7d25bd89975f9963ce.hot-update.js:309:22
Router@http://localhost:3000/static/js/bundle.js:35601:7
BrowserRouter@http://localhost:3000/static/js/bundle.js:33499:7
App @ http://localhost:3000/static/js/bundle.js:35993
[  240792ms] [ERROR] Warning: React.jsx: type is invalid -- expected a string (for built-in components) or a class/function (for composite components) but got: object. You likely forgot to export your component from the file it's defined in, or you might have mixed up default and named imports.

Check your code at App.js:125.
AppRoutes
div
AuthProvider@http://localhost:3000/main.7a7d25bd89975f9963ce.hot-update.js:309:22
Router@http://localhost:3000/static/js/bundle.js:35601:7
BrowserRouter@http://localhost:3000/static/js/bundle.js:33499:7
App @ http://localhost:3000/static/js/bundle.js:35993
[  240792ms] [ERROR] Warning: React.jsx: type is invalid -- expected a string (for built-in components) or a class/function (for composite components) but got: object. You likely forgot to export your component from the file it's defined in, or you might have mixed up default and named imports.

Check your code at App.js:133.
AppRoutes
div
AuthProvider@http://localhost:3000/main.7a7d25bd89975f9963ce.hot-update.js:309:22
Router@http://localhost:3000/static/js/bundle.js:35601:7
BrowserRouter@http://localhost:3000/static/js/bundle.js:33499:7
App @ http://localhost:3000/static/js/bundle.js:35993
[  240792ms] [ERROR] Warning: React.jsx: type is invalid -- expected a string (for built-in components) or a class/function (for composite components) but got: object. You likely forgot to export your component from the file it's defined in, or you might have mixed up default and named imports.

Check your code at App.js:85.
AppRoutes
div
AuthProvider@http://localhost:3000/main.7a7d25bd89975f9963ce.hot-update.js:309:22
Router@http://localhost:3000/static/js/bundle.js:35601:7
BrowserRouter@http://localhost:3000/static/js/bundle.js:33499:7
App @ http://localhost:3000/static/js/bundle.js:35993
[  240792ms] [ERROR] Warning: React.jsx: type is invalid -- expected a string (for built-in components) or a class/function (for composite components) but got: object. You likely forgot to export your component from the file it's defined in, or you might have mixed up default and named imports.

Check your code at App.js:93.
AppRoutes
div
AuthProvider@http://localhost:3000/main.7a7d25bd89975f9963ce.hot-update.js:309:22
Router@http://localhost:3000/static/js/bundle.js:35601:7
BrowserRouter@http://localhost:3000/static/js/bundle.js:33499:7
App @ http://localhost:3000/static/js/bundle.js:35993
[  240795ms] [ERROR] Warning: React.jsx: type is invalid -- expected a string (for built-in components) or a class/function (for composite components) but got: object. You likely forgot to export your component from the file it's defined in, or you might have mixed up default and named imports.

Check your code at App.js:101.
AppRoutes
div
AuthProvider@http://localhost:3000/main.7a7d25bd89975f9963ce.hot-update.js:309:22
Router@http://localhost:3000/static/js/bundle.js:35601:7
BrowserRouter@http://localhost:3000/static/js/bundle.js:33499:7
App @ http://localhost:3000/static/js/bundle.js:35993
[  240795ms] [ERROR] Warning: React.jsx: type is invalid -- expected a string (for built-in components) or a class/function (for composite components) but got: object. You likely forgot to export your component from the file it's defined in, or you might have mixed up default and named imports.

Check your code at App.js:109.
AppRoutes
div
AuthProvider@http://localhost:3000/main.7a7d25bd89975f9963ce.hot-update.js:309:22
Router@http://localhost:3000/static/js/bundle.js:35601:7
BrowserRouter@http://localhost:3000/static/js/bundle.js:33499:7
App @ http://localhost:3000/static/js/bundle.js:35993
[  240795ms] [ERROR] Warning: React.jsx: type is invalid -- expected a string (for built-in components) or a class/function (for composite components) but got: object. You likely forgot to export your component from the file it's defined in, or you might have mixed up default and named imports.

Check your code at App.js:117.
AppRoutes
div
AuthProvider@http://localhost:3000/main.7a7d25bd89975f9963ce.hot-update.js:309:22
Router@http://localhost:3000/static/js/bundle.js:35601:7
BrowserRouter@http://localhost:3000/static/js/bundle.js:33499:7
App @ http://localhost:3000/static/js/bundle.js:35993
[  240795ms] [ERROR] Warning: React.jsx: type is invalid -- expected a string (for built-in components) or a class/function (for composite components) but got: object. You likely forgot to export your component from the file it's defined in, or you might have mixed up default and named imports.

Check your code at App.js:125.
AppRoutes
div
AuthProvider@http://localhost:3000/main.7a7d25bd89975f9963ce.hot-update.js:309:22
Router@http://localhost:3000/static/js/bundle.js:35601:7
BrowserRouter@http://localhost:3000/static/js/bundle.js:33499:7
App @ http://localhost:3000/static/js/bundle.js:35993
[  240795ms] [ERROR] Warning: React.jsx: type is invalid -- expected a string (for built-in components) or a class/function (for composite components) but got: object. You likely forgot to export your component from the file it's defined in, or you might have mixed up default and named imports.

Check your code at App.js:133.
AppRoutes
div
AuthProvider@http://localhost:3000/main.7a7d25bd89975f9963ce.hot-update.js:309:22
Router@http://localhost:3000/static/js/bundle.js:35601:7
BrowserRouter@http://localhost:3000/static/js/bundle.js:33499:7
App @ http://localhost:3000/static/js/bundle.js:35993
[  286204ms] [ERROR] Warning: React.jsx: type is invalid -- expected a string (for built-in components) or a class/function (for composite components) but got: object. You likely forgot to export your component from the file it's defined in, or you might have mixed up default and named imports.

Check your code at App.js:93.
AppRoutes
div
AuthProvider@http://localhost:3000/main.7a7d25bd89975f9963ce.hot-update.js:309:22
Router@http://localhost:3000/static/js/bundle.js:35601:7
BrowserRouter@http://localhost:3000/static/js/bundle.js:33499:7
App @ http://localhost:3000/static/js/bundle.js:35993
[  286205ms] [ERROR] Warning: React.jsx: type is invalid -- expected a string (for built-in components) or a class/function (for composite components) but got: object. You likely forgot to export your component from the file it's defined in, or you might have mixed up default and named imports.

Check your code at App.js:101.
AppRoutes
div
AuthProvider@http://localhost:3000/main.7a7d25bd89975f9963ce.hot-update.js:309:22
Router@http://localhost:3000/static/js/bundle.js:35601:7
BrowserRouter@http://localhost:3000/static/js/bundle.js:33499:7
App @ http://localhost:3000/static/js/bundle.js:35993
[  286205ms] [ERROR] Warning: React.jsx: type is invalid -- expected a string (for built-in components) or a class/function (for composite components) but got: object. You likely forgot to export your component from the file it's defined in, or you might have mixed up default and named imports.

Check your code at App.js:109.
AppRoutes
div
AuthProvider@http://localhost:3000/main.7a7d25bd89975f9963ce.hot-update.js:309:22
Router@http://localhost:3000/static/js/bundle.js:35601:7
BrowserRouter@http://localhost:3000/static/js/bundle.js:33499:7
App @ http://localhost:3000/static/js/bundle.js:35993
[  286206ms] [ERROR] Warning: React.jsx: type is invalid -- expected a string (for built-in components) or a class/function (for composite components) but got: object. You likely forgot to export your component from the file it's defined in, or you might have mixed up default and named imports.

Check your code at App.js:93.
AppRoutes
div
AuthProvider@http://localhost:3000/main.7a7d25bd89975f9963ce.hot-update.js:309:22
Router@http://localhost:3000/static/js/bundle.js:35601:7
BrowserRouter@http://localhost:3000/static/js/bundle.js:33499:7
App @ http://localhost:3000/static/js/bundle.js:35993
[  286206ms] [ERROR] Warning: React.jsx: type is invalid -- expected a string (for built-in components) or a class/function (for composite components) but got: object. You likely forgot to export your component from the file it's defined in, or you might have mixed up default and named imports.

Check your code at App.js:101.
AppRoutes
div
AuthProvider@http://localhost:3000/main.7a7d25bd89975f9963ce.hot-update.js:309:22
Router@http://localhost:3000/static/js/bundle.js:35601:7
BrowserRouter@http://localhost:3000/static/js/bundle.js:33499:7
App @ http://localhost:3000/static/js/bundle.js:35993
[  286206ms] [ERROR] Warning: React.jsx: type is invalid -- expected a string (for built-in components) or a class/function (for composite components) but got: object. You likely forgot to export your component from the file it's defined in, or you might have mixed up default and named imports.

Check your code at App.js:109.
AppRoutes
div
AuthProvider@http://localhost:3000/main.7a7d25bd89975f9963ce.hot-update.js:309:22
Router@http://localhost:3000/static/js/bundle.js:35601:7
BrowserRouter@http://localhost:3000/static/js/bundle.js:33499:7
App @ http://localhost:3000/static/js/bundle.js:35993
